# JRE version: Java(TM) SE Runtime Environment (8.0_201-b09) (build 1.8.0_201-b09)
# Java VM: Java HotSpot(TM) 64-Bit Server VM (25.201-b09 mixed mode windows-amd64 compressed oops)
Heap:
 PSYoungGen      total 16896K, used 7024K [0x00000000ed800000, 0x00000000eea80000, 0x0000000100000000)
  eden space 14848K, 33% used [0x00000000ed800000,0x00000000edce2c78,0x00000000ee680000)
  from space 2048K, 98% used [0x00000000ee880000,0x00000000eea796b8,0x00000000eea80000)
  to   space 2048K, 0% used [0x00000000ee680000,0x00000000ee680000,0x00000000ee880000)
 ParOldGen       total 38400K, used 7595K [0x00000000c8800000, 0x00000000cad80000, 0x00000000ed800000)
  object space 38400K, 19% used [0x00000000c8800000,0x00000000c8f6ac10,0x00000000cad80000)
 Metaspace       used 16637K, capacity 17386K, committed 17664K, reserved 1064960K
  class space    used 2325K, capacity 2507K, committed 2560K, reserved 1048576K
GC Heap History (8 events):
Event: 1.508 GC heap before
{Heap before GC invocations=1 (full 0):
 PSYoungGen      total 16896K, used 14848K [0x00000000ed800000, 0x00000000eea80000, 0x0000000100000000)
  eden space 14848K, 100% used [0x00000000ed800000,0x00000000ee680000,0x00000000ee680000)
  from space 2048K, 0% used [0x00000000ee880000,0x00000000ee880000,0x00000000eea80000)
  to   space 2048K, 0% used [0x00000000ee680000,0x00000000ee680000,0x00000000ee880000)
 ParOldGen       total 38400K, used 0K [0x00000000c8800000, 0x00000000cad80000, 0x00000000ed800000)
  object space 38400K, 0% used [0x00000000c8800000,0x00000000c8800000,0x00000000cad80000)
 Metaspace       used 5388K, capacity 6004K, committed 6272K, reserved 1056768K
  class space    used 802K, capacity 816K, committed 896K, reserved 1048576K
Event: 1.514 GC heap after
Heap after GC invocations=1 (full 0):
 PSYoungGen      total 16896K, used 2029K [0x00000000ed800000, 0x00000000eea80000, 0x0000000100000000)
  eden space 14848K, 0% used [0x00000000ed800000,0x00000000ed800000,0x00000000ee680000)
  from space 2048K, 99% used [0x00000000ee680000,0x00000000ee87b6e0,0x00000000ee880000)
  to   space 2048K, 0% used [0x00000000ee880000,0x00000000ee880000,0x00000000eea80000)
 ParOldGen       total 38400K, used 667K [0x00000000c8800000, 0x00000000cad80000, 0x00000000ed800000)
  object space 38400K, 1% used [0x00000000c8800000,0x00000000c88a6c80,0x00000000cad80000)
 Metaspace       used 5388K, capacity 6004K, committed 6272K, reserved 1056768K
  class space    used 802K, capacity 816K, committed 896K, reserved 1048576K
}
Event: 3.246 GC heap before
{Heap before GC invocations=2 (full 0):
 PSYoungGen      total 16896K, used 16877K [0x00000000ed800000, 0x00000000eea80000, 0x0000000100000000)
  eden space 14848K, 100% used [0x00000000ed800000,0x00000000ee680000,0x00000000ee680000)
  from space 2048K, 99% used [0x00000000ee680000,0x00000000ee87b6e0,0x00000000ee880000)
  to   space 2048K, 0% used [0x00000000ee880000,0x00000000ee880000,0x00000000eea80000)
 ParOldGen       total 38400K, used 667K [0x00000000c8800000, 0x00000000cad80000, 0x00000000ed800000)
  object space 38400K, 1% used [0x00000000c8800000,0x00000000c88a6c80,0x00000000cad80000)
 Metaspace       used 9285K, capacity 9372K, committed 9600K, reserved 1056768K
  class space    used 1327K, capacity 1360K, committed 1408K, reserved 1048576K
Event: 3.260 GC heap after
Heap after GC invocations=2 (full 0):
 PSYoungGen      total 16896K, used 2021K [0x00000000ed800000, 0x00000000eea80000, 0x0000000100000000)
  eden space 14848K, 0% used [0x00000000ed800000,0x00000000ed800000,0x00000000ee680000)
  from space 2048K, 98% used [0x00000000ee880000,0x00000000eea796d8,0x00000000eea80000)
  to   space 2048K, 0% used [0x00000000ee680000,0x00000000ee680000,0x00000000ee880000)
 ParOldGen       total 38400K, used 2699K [0x00000000c8800000, 0x00000000cad80000, 0x00000000ed800000)
  object space 38400K, 7% used [0x00000000c8800000,0x00000000c8aa2c30,0x00000000cad80000)
 Metaspace       used 9285K, capacity 9372K, committed 9600K, reserved 1056768K
  class space    used 1327K, capacity 1360K, committed 1408K, reserved 1048576K
}
Event: 7.241 GC heap before
{Heap before GC invocations=3 (full 0):
 PSYoungGen      total 16896K, used 16869K [0x00000000ed800000, 0x00000000eea80000, 0x0000000100000000)
  eden space 14848K, 100% used [0x00000000ed800000,0x00000000ee680000,0x00000000ee680000)
  from space 2048K, 98% used [0x00000000ee880000,0x00000000eea796d8,0x00000000eea80000)
  to   space 2048K, 0% used [0x00000000ee680000,0x00000000ee680000,0x00000000ee880000)
 ParOldGen       total 38400K, used 2699K [0x00000000c8800000, 0x00000000cad80000, 0x00000000ed800000)
  object space 38400K, 7% used [0x00000000c8800000,0x00000000c8aa2c30,0x00000000cad80000)
 Metaspace       used 12820K, capacity 13150K, committed 13440K, reserved 1060864K
  class space    used 1753K, capacity 1867K, committed 1920K, reserved 1048576K
Event: 7.252 GC heap after
Heap after GC invocations=3 (full 0):
 PSYoungGen      total 16896K, used 2037K [0x00000000ed800000, 0x00000000eea80000, 0x0000000100000000)
  eden space 14848K, 0% used [0x00000000ed800000,0x00000000ed800000,0x00000000ee680000)
  from space 2048K, 99% used [0x00000000ee680000,0x00000000ee87d6c8,0x00000000ee880000)
  to   space 2048K, 0% used [0x00000000ee880000,0x00000000ee880000,0x00000000eea80000)
 ParOldGen       total 38400K, used 5219K [0x00000000c8800000, 0x00000000cad80000, 0x00000000ed800000)
  object space 38400K, 13% used [0x00000000c8800000,0x00000000c8d18c78,0x00000000cad80000)
 Metaspace       used 12820K, capacity 13150K, committed 13440K, reserved 1060864K
  class space    used 1753K, capacity 1867K, committed 1920K, reserved 1048576K
}
Event: 11.712 GC heap before
{Heap before GC invocations=4 (full 0):
 PSYoungGen      total 16896K, used 16885K [0x00000000ed800000, 0x00000000eea80000, 0x0000000100000000)
  eden space 14848K, 100% used [0x00000000ed800000,0x00000000ee680000,0x00000000ee680000)
  from space 2048K, 99% used [0x00000000ee680000,0x00000000ee87d6c8,0x00000000ee880000)
  to   space 2048K, 0% used [0x00000000ee880000,0x00000000ee880000,0x00000000eea80000)
 ParOldGen       total 38400K, used 5219K [0x00000000c8800000, 0x00000000cad80000, 0x00000000ed800000)
  object space 38400K, 13% used [0x00000000c8800000,0x00000000c8d18c78,0x00000000cad80000)
 Metaspace       used 16035K, capacity 16784K, committed 17152K, reserved 1064960K
  class space    used 2233K, capacity 2442K, committed 2560K, reserved 1048576K
Event: 11.721 GC heap after
Heap after GC invocations=4 (full 0):
 PSYoungGen      total 16896K, used 2021K [0x00000000ed800000, 0x00000000eea80000, 0x0000000100000000)
  eden space 14848K, 0% used [0x00000000ed800000,0x00000000ed800000,0x00000000ee680000)
  from space 2048K, 98% used [0x00000000ee880000,0x00000000eea796b8,0x00000000eea80000)
  to   space 2048K, 0% used [0x00000000ee680000,0x00000000ee680000,0x00000000ee880000)
 ParOldGen       total 38400K, used 7595K [0x00000000c8800000, 0x00000000cad80000, 0x00000000ed800000)
  object space 38400K, 19% used [0x00000000c8800000,0x00000000c8f6ac10,0x00000000cad80000)
 Metaspace       used 16035K, capacity 16784K, committed 17152K, reserved 1064960K
  class space    used 2233K, capacity 2442K, committed 2560K, reserved 1048576K
}

